2017-01-07 15:19:28.507 |-INFO  [main] org.huyg.springboot_demo.ApplicationTests [48] -| Starting ApplicationTests on DESKTOP-5FH3FHQ with PID 28584 (started by jack in D:\huyg\littleapp\server\springboot_demo)
2017-01-07 15:19:28.510 |-INFO  [main] org.huyg.springboot_demo.ApplicationTests [665] -| The following profiles are active: prod
2017-01-07 15:19:28.526 |-INFO  [main] org.springframework.boot.context.embedded.AnnotationConfigEmbeddedWebApplicationContext [582] -| Refreshing org.springframework.boot.context.embedded.AnnotationConfigEmbeddedWebApplicationContext@61c4eee0: startup date [Sat Jan 07 15:19:28 GMT+08:00 2017]; root of context hierarchy
2017-01-07 15:19:28.741 |-INFO  [background-preinit] org.hibernate.validator.internal.util.Version [30] -| HV000001: Hibernate Validator 5.2.4.Final
2017-01-07 15:19:29.553 |-INFO  [main] org.springframework.beans.factory.support.DefaultListableBeanFactory [826] -| Overriding bean definition for bean 'dataSource' with a different definition: replacing [Root bean: class [null]; scope=; abstract=false; lazyInit=false; autowireMode=3; dependencyCheck=0; autowireCandidate=true; primary=false; factoryBeanName=org.springframework.boot.autoconfigure.jdbc.DataSourceConfiguration$Generic; factoryMethodName=dataSource; initMethodName=null; destroyMethodName=(inferred); defined in class path resource [org/springframework/boot/autoconfigure/jdbc/DataSourceConfiguration$Generic.class]] with [Root bean: class [null]; scope=; abstract=false; lazyInit=false; autowireMode=3; dependencyCheck=0; autowireCandidate=true; primary=false; factoryBeanName=org.springframework.boot.autoconfigure.jdbc.DataSourceConfiguration$Hikari; factoryMethodName=dataSource; initMethodName=null; destroyMethodName=(inferred); defined in class path resource [org/springframework/boot/autoconfigure/jdbc/DataSourceConfiguration$Hikari.class]]
2017-01-07 15:19:29.890 |-INFO  [main] org.springframework.beans.factory.annotation.AutowiredAnnotationBeanPostProcessor [155] -| JSR-330 'javax.inject.Inject' annotation found and supported for autowiring
2017-01-07 15:19:30.042 |-INFO  [main] org.springframework.context.support.PostProcessorRegistrationDelegate$BeanPostProcessorChecker [325] -| Bean 'org.springframework.transaction.annotation.ProxyTransactionManagementConfiguration' of type [class org.springframework.transaction.annotation.ProxyTransactionManagementConfiguration$$EnhancerBySpringCGLIB$$9dc595c5] is not eligible for getting processed by all BeanPostProcessors (for example: not eligible for auto-proxying)
2017-01-07 15:19:31.316 |-INFO  [main] org.springframework.boot.context.embedded.tomcat.TomcatEmbeddedServletContainer [87] -| Tomcat initialized with port(s): 0 (http)
2017-01-07 15:19:31.333 |-INFO  [main] org.apache.catalina.core.StandardService [179] -| Starting service Tomcat
2017-01-07 15:19:31.334 |-INFO  [main] org.apache.catalina.core.StandardEngine [179] -| Starting Servlet Engine: Apache Tomcat/8.5.6
2017-01-07 15:19:31.479 |-INFO  [localhost-startStop-1] org.apache.catalina.core.ContainerBase.[Tomcat].[localhost].[/] [179] -| Initializing Spring embedded WebApplicationContext
2017-01-07 15:19:31.480 |-INFO  [localhost-startStop-1] org.springframework.web.context.ContextLoader [276] -| Root WebApplicationContext: initialization completed in 2953 ms
2017-01-07 15:19:31.731 |-INFO  [localhost-startStop-1] org.springframework.boot.web.servlet.ServletRegistrationBean [190] -| Mapping servlet: 'dispatcherServlet' to [/]
2017-01-07 15:19:31.736 |-INFO  [localhost-startStop-1] org.springframework.boot.web.servlet.FilterRegistrationBean [258] -| Mapping filter: 'characterEncodingFilter' to: [/*]
2017-01-07 15:19:31.737 |-INFO  [localhost-startStop-1] org.springframework.boot.web.servlet.FilterRegistrationBean [258] -| Mapping filter: 'hiddenHttpMethodFilter' to: [/*]
2017-01-07 15:19:31.737 |-INFO  [localhost-startStop-1] org.springframework.boot.web.servlet.FilterRegistrationBean [258] -| Mapping filter: 'httpPutFormContentFilter' to: [/*]
2017-01-07 15:19:31.737 |-INFO  [localhost-startStop-1] org.springframework.boot.web.servlet.FilterRegistrationBean [258] -| Mapping filter: 'requestContextFilter' to: [/*]
2017-01-07 15:19:33.157 |-INFO  [main] org.springframework.web.servlet.mvc.method.annotation.RequestMappingHandlerMapping [543] -| Mapped "{[/]}" onto java.lang.String org.huyg.springboot_demo.SampleController.home()
2017-01-07 15:19:33.160 |-INFO  [main] org.springframework.web.servlet.mvc.method.annotation.RequestMappingHandlerMapping [543] -| Mapped "{[/users/find],methods=[GET]}" onto public java.lang.String org.huyg.springboot_demo.controller.UserController.user()
2017-01-07 15:19:33.160 |-INFO  [main] org.springframework.web.servlet.mvc.method.annotation.RequestMappingHandlerMapping [543] -| Mapped "{[/users],methods=[POST]}" onto public java.lang.String org.huyg.springboot_demo.controller.UserController.postUser(org.huyg.springboot_demo.pojo.User)
2017-01-07 15:19:33.161 |-INFO  [main] org.springframework.web.servlet.mvc.method.annotation.RequestMappingHandlerMapping [543] -| Mapped "{[/users/{id}],methods=[GET]}" onto public org.huyg.springboot_demo.pojo.User org.huyg.springboot_demo.controller.UserController.getUser(java.lang.Long)
2017-01-07 15:19:33.161 |-INFO  [main] org.springframework.web.servlet.mvc.method.annotation.RequestMappingHandlerMapping [543] -| Mapped "{[/users],methods=[GET]}" onto public java.util.List<org.huyg.springboot_demo.pojo.User> org.huyg.springboot_demo.controller.UserController.getUserList()
2017-01-07 15:19:33.162 |-INFO  [main] org.springframework.web.servlet.mvc.method.annotation.RequestMappingHandlerMapping [543] -| Mapped "{[/users/{id}],methods=[PUT]}" onto public java.lang.String org.huyg.springboot_demo.controller.UserController.putUser(java.lang.Long,org.huyg.springboot_demo.pojo.User)
2017-01-07 15:19:33.162 |-INFO  [main] org.springframework.web.servlet.mvc.method.annotation.RequestMappingHandlerMapping [543] -| Mapped "{[/users/{id}],methods=[DELETE]}" onto public java.lang.String org.huyg.springboot_demo.controller.UserController.deleteUser(java.lang.Long)
2017-01-07 15:19:33.163 |-INFO  [main] org.springframework.web.servlet.mvc.method.annotation.RequestMappingHandlerMapping [543] -| Mapped "{[/v2/api-docs],methods=[GET],produces=[application/json || application/hal+json]}" onto public org.springframework.http.ResponseEntity<springfox.documentation.spring.web.json.Json> springfox.documentation.swagger2.web.Swagger2Controller.getDocumentation(java.lang.String,javax.servlet.http.HttpServletRequest)
2017-01-07 15:19:33.166 |-INFO  [main] org.springframework.web.servlet.mvc.method.annotation.RequestMappingHandlerMapping [543] -| Mapped "{[/swagger-resources/configuration/security]}" onto org.springframework.http.ResponseEntity<springfox.documentation.swagger.web.SecurityConfiguration> springfox.documentation.swagger.web.ApiResourceController.securityConfiguration()
2017-01-07 15:19:33.167 |-INFO  [main] org.springframework.web.servlet.mvc.method.annotation.RequestMappingHandlerMapping [543] -| Mapped "{[/swagger-resources]}" onto org.springframework.http.ResponseEntity<java.util.List<springfox.documentation.swagger.web.SwaggerResource>> springfox.documentation.swagger.web.ApiResourceController.swaggerResources()
2017-01-07 15:19:33.168 |-INFO  [main] org.springframework.web.servlet.mvc.method.annotation.RequestMappingHandlerMapping [543] -| Mapped "{[/swagger-resources/configuration/ui]}" onto org.springframework.http.ResponseEntity<springfox.documentation.swagger.web.UiConfiguration> springfox.documentation.swagger.web.ApiResourceController.uiConfiguration()
2017-01-07 15:19:33.171 |-INFO  [main] org.springframework.web.servlet.mvc.method.annotation.RequestMappingHandlerMapping [543] -| Mapped "{[/error]}" onto public org.springframework.http.ResponseEntity<java.util.Map<java.lang.String, java.lang.Object>> org.springframework.boot.autoconfigure.web.BasicErrorController.error(javax.servlet.http.HttpServletRequest)
2017-01-07 15:19:33.172 |-INFO  [main] org.springframework.web.servlet.mvc.method.annotation.RequestMappingHandlerMapping [543] -| Mapped "{[/error],produces=[text/html]}" onto public org.springframework.web.servlet.ModelAndView org.springframework.boot.autoconfigure.web.BasicErrorController.errorHtml(javax.servlet.http.HttpServletRequest,javax.servlet.http.HttpServletResponse)
2017-01-07 15:19:33.536 |-INFO  [main] org.springframework.web.servlet.mvc.method.annotation.RequestMappingHandlerAdapter [534] -| Looking for @ControllerAdvice: org.springframework.boot.context.embedded.AnnotationConfigEmbeddedWebApplicationContext@61c4eee0: startup date [Sat Jan 07 15:19:28 GMT+08:00 2017]; root of context hierarchy
2017-01-07 15:19:33.643 |-INFO  [main] org.springframework.web.servlet.handler.SimpleUrlHandlerMapping [354] -| Mapped URL path [/webjars/**] onto handler of type [class org.springframework.web.servlet.resource.ResourceHttpRequestHandler]
2017-01-07 15:19:33.645 |-INFO  [main] org.springframework.web.servlet.handler.SimpleUrlHandlerMapping [354] -| Mapped URL path [/**] onto handler of type [class org.springframework.web.servlet.resource.ResourceHttpRequestHandler]
2017-01-07 15:19:33.711 |-INFO  [main] org.springframework.web.servlet.handler.SimpleUrlHandlerMapping [354] -| Mapped URL path [/**/favicon.ico] onto handler of type [class org.springframework.web.servlet.resource.ResourceHttpRequestHandler]
2017-01-07 15:19:33.996 |-INFO  [main] org.springframework.context.support.DefaultLifecycleProcessor [341] -| Starting beans in phase 2147483647
2017-01-07 15:19:33.996 |-INFO  [main] springfox.documentation.spring.web.plugins.DocumentationPluginsBootstrapper [120] -| Context refreshed
2017-01-07 15:19:34.018 |-INFO  [main] springfox.documentation.spring.web.plugins.DocumentationPluginsBootstrapper [123] -| Found 1 custom documentation plugin(s)
2017-01-07 15:19:34.036 |-INFO  [main] springfox.documentation.spring.web.scanners.ApiListingReferenceScanner [41] -| Scanning for api listing references
2017-01-07 15:19:34.456 |-INFO  [main] org.apache.coyote.http11.Http11NioProtocol [179] -| Initializing ProtocolHandler ["http-nio-auto-1"]
2017-01-07 15:19:34.474 |-INFO  [main] org.apache.coyote.http11.Http11NioProtocol [179] -| Starting ProtocolHandler [http-nio-auto-1]
2017-01-07 15:19:34.486 |-INFO  [main] org.apache.tomcat.util.net.NioSelectorPool [179] -| Using a shared selector for servlet write/read
2017-01-07 15:19:34.505 |-INFO  [main] org.springframework.boot.context.embedded.tomcat.TomcatEmbeddedServletContainer [185] -| Tomcat started on port(s): 64344 (http)
2017-01-07 15:19:34.511 |-INFO  [main] org.huyg.springboot_demo.ApplicationTests [57] -| Started ApplicationTests in 6.436 seconds (JVM running for 7.164)
2017-01-07 15:19:34.553 |-INFO  [main] com.zaxxer.hikari.HikariDataSource [93] -| HikariPool-1 - Started.
2017-01-07 15:19:34.813 |-INFO  [main] org.springframework.test.context.transaction.TransactionContext [101] -| Began transaction (1) for test context [DefaultTestContext@58134517 testClass = ApplicationTests, testInstance = org.huyg.springboot_demo.ApplicationTests@64d2d351, testMethod = testCrawlIpController@ApplicationTests, testException = [null], mergedContextConfiguration = [WebMergedContextConfiguration@4450d156 testClass = ApplicationTests, locations = '{}', classes = '{class org.huyg.springboot_demo.SampleController}', contextInitializerClasses = '[]', activeProfiles = '{}', propertySourceLocations = '{}', propertySourceProperties = '{org.springframework.boot.test.context.SpringBootTestContextBootstrapper=true, server.port=0}', contextCustomizers = set[org.springframework.boot.test.context.SpringBootTestContextCustomizer@35d176f7, org.springframework.boot.test.context.filter.ExcludeFilterContextCustomizer@6e6c3152, org.springframework.boot.test.mock.mockito.MockitoContextCustomizer@0, org.springframework.boot.test.autoconfigure.properties.PropertyMappingContextCustomizer@0, org.springframework.boot.test.autoconfigure.web.servlet.WebDriverContextCustomizerFactory$Customizer@4e7dc304], resourceBasePath = 'src/main/webapp', contextLoader = 'org.springframework.boot.test.context.SpringBootContextLoader', parent = [null]]]; transaction manager [org.springframework.jdbc.datasource.DataSourceTransactionManager@7061622]; rollback [true]
2017-01-07 15:19:35.114 |-INFO  [main] org.huyg.springboot_demo.controller.CrawlIpController [25] -| This is an info message
2017-01-07 15:19:35.114 |-WARN  [main] org.huyg.springboot_demo.controller.CrawlIpController [26] -| This is a warn message
2017-01-07 15:19:35.115 |-ERROR [main] org.huyg.springboot_demo.controller.CrawlIpController [27] -| This is an error message
2017-01-07 15:19:35.123 |-INFO  [main] org.springframework.test.context.transaction.TransactionContext [136] -| Rolled back transaction for test context [DefaultTestContext@58134517 testClass = ApplicationTests, testInstance = org.huyg.springboot_demo.ApplicationTests@64d2d351, testMethod = testCrawlIpController@ApplicationTests, testException = [null], mergedContextConfiguration = [WebMergedContextConfiguration@4450d156 testClass = ApplicationTests, locations = '{}', classes = '{class org.huyg.springboot_demo.SampleController}', contextInitializerClasses = '[]', activeProfiles = '{}', propertySourceLocations = '{}', propertySourceProperties = '{org.springframework.boot.test.context.SpringBootTestContextBootstrapper=true, server.port=0}', contextCustomizers = set[org.springframework.boot.test.context.SpringBootTestContextCustomizer@35d176f7, org.springframework.boot.test.context.filter.ExcludeFilterContextCustomizer@6e6c3152, org.springframework.boot.test.mock.mockito.MockitoContextCustomizer@0, org.springframework.boot.test.autoconfigure.properties.PropertyMappingContextCustomizer@0, org.springframework.boot.test.autoconfigure.web.servlet.WebDriverContextCustomizerFactory$Customizer@4e7dc304], resourceBasePath = 'src/main/webapp', contextLoader = 'org.springframework.boot.test.context.SpringBootContextLoader', parent = [null]]].
2017-01-07 15:19:35.129 |-INFO  [Thread-2] org.springframework.boot.context.embedded.AnnotationConfigEmbeddedWebApplicationContext [987] -| Closing org.springframework.boot.context.embedded.AnnotationConfigEmbeddedWebApplicationContext@61c4eee0: startup date [Sat Jan 07 15:19:28 GMT+08:00 2017]; root of context hierarchy
2017-01-07 15:19:35.135 |-INFO  [Thread-2] org.springframework.context.support.DefaultLifecycleProcessor [356] -| Stopping beans in phase 2147483647
2017-01-07 15:19:35.150 |-INFO  [Thread-2] com.zaxxer.hikari.pool.HikariPool [202] -| HikariPool-1 - Close initiated...
2017-01-07 15:19:35.166 |-INFO  [Thread-2] com.zaxxer.hikari.pool.HikariPool [242] -| HikariPool-1 - Closed.
